<?xml version="1.0" encoding="UTF-8"?>
<!-- Generated by org.testng.reporters.JUnitReportReporter -->
<testsuite hostname="DESKTOP-TFNEDR2" failures="0" tests="1" name="getRequests.GetMethodDemo" time="5.346" errors="0" timestamp="2025-07-20T13:52:56 IST" skipped="0">
  <testcase classname="getRequests.GetMethodDemo" name="getAPICalls" time="5.346"/>
</testsuite> <!-- getRequests.GetMethodDemo -->
